<?xml version="1.0" encoding="UTF-8"?>
<!-- Generated by org.testng.reporters.JUnitReportReporter -->
<testsuite name="ProjectMy.BaseClass" tests="1" time="18.095" ignored="0" failures="0" timestamp="07 May 2020 03:20:26 GMT" skipped="0" hostname="hp" errors="0">
  <testcase name="f" time="18.095" classname="ProjectMy.BaseClass"/>
</testsuite> <!-- ProjectMy.BaseClass -->
